<?xml version="1.0" encoding="UTF-8"?>
<testng-results ignored="0" total="1" passed="1" failed="0" skipped="0">
  <reporter-output>
  </reporter-output>
  <suite started-at="2023-01-13T12:21:23 IST" name="Default suite" finished-at="2023-01-13T12:22:13 IST" duration-ms="49056">
    <groups>
    </groups>
    <test started-at="2023-01-13T12:21:23 IST" name="Default test" finished-at="2023-01-13T12:22:13 IST" duration-ms="49056">
      <class name="firstjenkins.jenkinsDemo.Demo">
        <test-method signature="testDemo()[pri:0, instance:firstjenkins.jenkinsDemo.Demo@316bcf94]" started-at="2023-01-13T12:21:24 IST" name="testDemo" finished-at="2023-01-13T12:22:13 IST" duration-ms="48975" status="PASS">
          <reporter-output>
          </reporter-output>
        </test-method> <!-- testDemo -->
      </class> <!-- firstjenkins.jenkinsDemo.Demo -->
    </test> <!-- Default test -->
  </suite> <!-- Default suite -->
</testng-results>
